[25-Aug-2018 20:14:30 UTC] PHP Notice:  ob_end_flush(): failed to send buffer of zlib output compression (1) in C:\Users\pamela\Desktop\curriculum_wp\wp-includes\functions.php on line 3743
[25-Aug-2018 20:14:30 UTC] PHP Notice:  ob_end_flush(): failed to send buffer of zlib output compression (1) in C:\Users\pamela\Desktop\curriculum_wp\wp-includes\functions.php on line 3743
[28-Aug-2018 14:45:33 UTC] PHP Warning:  mysqli_real_connect(): (HY000/2003): Can't connect to MySQL server on 'localhost' (10061) in C:\Users\pamela\Desktop\curriculum_wp\wp-includes\wp-db.php on line 1531
[28-Aug-2018 15:24:00 UTC] PHP Notice:  ob_end_flush(): failed to send buffer of zlib output compression (1) in C:\Users\pamela\Desktop\curriculum_wp\wp-includes\functions.php on line 3743
[28-Aug-2018 15:24:00 UTC] PHP Notice:  ob_end_flush(): failed to send buffer of zlib output compression (1) in C:\Users\pamela\Desktop\curriculum_wp\wp-includes\functions.php on line 3743
[28-Aug-2018 21:24:07 UTC] PHP Fatal error:  Maximum execution time of 30 seconds exceeded in C:\Users\pamela\Desktop\curriculum_wp\wp-includes\Requests\Transport\cURL.php on line 463
[28-Aug-2018 23:44:27 UTC] PHP Notice:  ob_end_flush(): failed to send buffer of zlib output compression (1) in C:\Users\pamela\Desktop\curriculum_wp\wp-includes\functions.php on line 3743
[28-Aug-2018 23:44:27 UTC] PHP Notice:  ob_end_flush(): failed to send buffer of zlib output compression (1) in C:\Users\pamela\Desktop\curriculum_wp\wp-includes\functions.php on line 3743
[28-Aug-2018 23:44:41 UTC] PHP Notice:  ob_end_flush(): failed to send buffer of zlib output compression (1) in C:\Users\pamela\Desktop\curriculum_wp\wp-includes\functions.php on line 3743
[28-Aug-2018 23:44:41 UTC] PHP Notice:  ob_end_flush(): failed to send buffer of zlib output compression (1) in C:\Users\pamela\Desktop\curriculum_wp\wp-includes\functions.php on line 3743
[29-Aug-2018 11:21:48 UTC] PHP Notice:  ob_end_flush(): failed to send buffer of zlib output compression (1) in C:\Users\pamela\Desktop\curriculum_wp\wp-includes\functions.php on line 3743
[29-Aug-2018 11:21:48 UTC] PHP Notice:  ob_end_flush(): failed to send buffer of zlib output compression (1) in C:\Users\pamela\Desktop\curriculum_wp\wp-includes\functions.php on line 3743
[29-Aug-2018 11:30:20 UTC] PHP Notice:  ob_end_flush(): failed to send buffer of zlib output compression (1) in C:\Users\pamela\Desktop\curriculum_wp\wp-includes\functions.php on line 3743
[29-Aug-2018 11:30:20 UTC] PHP Notice:  ob_end_flush(): failed to send buffer of zlib output compression (1) in C:\Users\pamela\Desktop\curriculum_wp\wp-includes\functions.php on line 3743
[29-Aug-2018 11:30:24 UTC] PHP Notice:  ob_end_flush(): failed to send buffer of zlib output compression (1) in C:\Users\pamela\Desktop\curriculum_wp\wp-includes\functions.php on line 3743
[29-Aug-2018 11:30:24 UTC] PHP Notice:  ob_end_flush(): failed to send buffer of zlib output compression (1) in C:\Users\pamela\Desktop\curriculum_wp\wp-includes\functions.php on line 3743
[29-Aug-2018 11:30:49 UTC] PHP Notice:  ob_end_flush(): failed to send buffer of zlib output compression (1) in C:\Users\pamela\Desktop\curriculum_wp\wp-includes\functions.php on line 3743
[29-Aug-2018 11:30:49 UTC] PHP Notice:  ob_end_flush(): failed to send buffer of zlib output compression (1) in C:\Users\pamela\Desktop\curriculum_wp\wp-includes\functions.php on line 3743
[29-Aug-2018 11:30:50 UTC] PHP Notice:  ob_end_flush(): failed to send buffer of zlib output compression (1) in C:\Users\pamela\Desktop\curriculum_wp\wp-includes\functions.php on line 3743
[29-Aug-2018 11:30:50 UTC] PHP Notice:  ob_end_flush(): failed to send buffer of zlib output compression (1) in C:\Users\pamela\Desktop\curriculum_wp\wp-includes\functions.php on line 3743
[29-Aug-2018 11:30:58 UTC] PHP Notice:  ob_end_flush(): failed to send buffer of zlib output compression (1) in C:\Users\pamela\Desktop\curriculum_wp\wp-includes\functions.php on line 3743
[29-Aug-2018 11:30:58 UTC] PHP Notice:  ob_end_flush(): failed to send buffer of zlib output compression (1) in C:\Users\pamela\Desktop\curriculum_wp\wp-includes\functions.php on line 3743
[29-Aug-2018 11:31:01 UTC] PHP Notice:  ob_end_flush(): failed to send buffer of zlib output compression (1) in C:\Users\pamela\Desktop\curriculum_wp\wp-includes\functions.php on line 3743
[29-Aug-2018 11:31:01 UTC] PHP Notice:  ob_end_flush(): failed to send buffer of zlib output compression (1) in C:\Users\pamela\Desktop\curriculum_wp\wp-includes\functions.php on line 3743
[29-Aug-2018 11:37:29 UTC] PHP Notice:  ob_end_flush(): failed to send buffer of zlib output compression (1) in C:\Users\pamela\Desktop\curriculum_wp\wp-includes\functions.php on line 3743
[29-Aug-2018 11:37:29 UTC] PHP Notice:  ob_end_flush(): failed to send buffer of zlib output compression (1) in C:\Users\pamela\Desktop\curriculum_wp\wp-includes\functions.php on line 3743
[29-Aug-2018 11:37:52 UTC] PHP Notice:  ob_end_flush(): failed to send buffer of zlib output compression (1) in C:\Users\pamela\Desktop\curriculum_wp\wp-includes\functions.php on line 3743
[29-Aug-2018 11:37:52 UTC] PHP Notice:  ob_end_flush(): failed to send buffer of zlib output compression (1) in C:\Users\pamela\Desktop\curriculum_wp\wp-includes\functions.php on line 3743
[29-Aug-2018 11:53:20 UTC] PHP Notice:  ob_end_flush(): failed to send buffer of zlib output compression (1) in C:\Users\pamela\Desktop\curriculum_wp\wp-includes\functions.php on line 3743
[29-Aug-2018 11:53:20 UTC] PHP Notice:  ob_end_flush(): failed to send buffer of zlib output compression (1) in C:\Users\pamela\Desktop\curriculum_wp\wp-includes\functions.php on line 3743
[29-Aug-2018 11:53:33 UTC] PHP Notice:  ob_end_flush(): failed to send buffer of zlib output compression (1) in C:\Users\pamela\Desktop\curriculum_wp\wp-includes\functions.php on line 3743
[29-Aug-2018 11:53:33 UTC] PHP Notice:  ob_end_flush(): failed to send buffer of zlib output compression (1) in C:\Users\pamela\Desktop\curriculum_wp\wp-includes\functions.php on line 3743
[29-Aug-2018 11:54:41 UTC] PHP Notice:  ob_end_flush(): failed to send buffer of zlib output compression (1) in C:\Users\pamela\Desktop\curriculum_wp\wp-includes\functions.php on line 3743
[29-Aug-2018 11:54:41 UTC] PHP Notice:  ob_end_flush(): failed to send buffer of zlib output compression (1) in C:\Users\pamela\Desktop\curriculum_wp\wp-includes\functions.php on line 3743
[29-Aug-2018 11:54:48 UTC] PHP Notice:  ob_end_flush(): failed to send buffer of zlib output compression (1) in C:\Users\pamela\Desktop\curriculum_wp\wp-includes\functions.php on line 3743
[29-Aug-2018 11:54:48 UTC] PHP Notice:  ob_end_flush(): failed to send buffer of zlib output compression (1) in C:\Users\pamela\Desktop\curriculum_wp\wp-includes\functions.php on line 3743
[29-Aug-2018 11:54:55 UTC] PHP Notice:  ob_end_flush(): failed to send buffer of zlib output compression (1) in C:\Users\pamela\Desktop\curriculum_wp\wp-includes\functions.php on line 3743
[29-Aug-2018 11:54:55 UTC] PHP Notice:  ob_end_flush(): failed to send buffer of zlib output compression (1) in C:\Users\pamela\Desktop\curriculum_wp\wp-includes\functions.php on line 3743
[29-Aug-2018 11:55:46 UTC] PHP Notice:  ob_end_flush(): failed to send buffer of zlib output compression (1) in C:\Users\pamela\Desktop\curriculum_wp\wp-includes\functions.php on line 3743
[29-Aug-2018 11:55:46 UTC] PHP Notice:  ob_end_flush(): failed to send buffer of zlib output compression (1) in C:\Users\pamela\Desktop\curriculum_wp\wp-includes\functions.php on line 3743
[29-Aug-2018 11:55:47 UTC] PHP Notice:  ob_end_flush(): failed to send buffer of zlib output compression (1) in C:\Users\pamela\Desktop\curriculum_wp\wp-includes\functions.php on line 3743
[29-Aug-2018 11:55:47 UTC] PHP Notice:  ob_end_flush(): failed to send buffer of zlib output compression (1) in C:\Users\pamela\Desktop\curriculum_wp\wp-includes\functions.php on line 3743
[29-Aug-2018 11:56:08 UTC] PHP Notice:  ob_end_flush(): failed to send buffer of zlib output compression (1) in C:\Users\pamela\Desktop\curriculum_wp\wp-includes\functions.php on line 3743
[29-Aug-2018 11:56:08 UTC] PHP Notice:  ob_end_flush(): failed to send buffer of zlib output compression (1) in C:\Users\pamela\Desktop\curriculum_wp\wp-includes\functions.php on line 3743
[29-Aug-2018 11:56:27 UTC] PHP Notice:  ob_end_flush(): failed to send buffer of zlib output compression (1) in C:\Users\pamela\Desktop\curriculum_wp\wp-includes\functions.php on line 3743
[29-Aug-2018 11:56:27 UTC] PHP Notice:  ob_end_flush(): failed to send buffer of zlib output compression (1) in C:\Users\pamela\Desktop\curriculum_wp\wp-includes\functions.php on line 3743
[29-Aug-2018 11:56:37 UTC] PHP Notice:  ob_end_flush(): failed to send buffer of zlib output compression (1) in C:\Users\pamela\Desktop\curriculum_wp\wp-includes\functions.php on line 3743
[29-Aug-2018 11:56:37 UTC] PHP Notice:  ob_end_flush(): failed to send buffer of zlib output compression (1) in C:\Users\pamela\Desktop\curriculum_wp\wp-includes\functions.php on line 3743
[29-Aug-2018 11:56:50 UTC] PHP Notice:  ob_end_flush(): failed to send buffer of zlib output compression (1) in C:\Users\pamela\Desktop\curriculum_wp\wp-includes\functions.php on line 3743
[29-Aug-2018 11:56:50 UTC] PHP Notice:  ob_end_flush(): failed to send buffer of zlib output compression (1) in C:\Users\pamela\Desktop\curriculum_wp\wp-includes\functions.php on line 3743
[29-Aug-2018 11:56:53 UTC] PHP Notice:  ob_end_flush(): failed to send buffer of zlib output compression (1) in C:\Users\pamela\Desktop\curriculum_wp\wp-includes\functions.php on line 3743
[29-Aug-2018 11:56:53 UTC] PHP Notice:  ob_end_flush(): failed to send buffer of zlib output compression (1) in C:\Users\pamela\Desktop\curriculum_wp\wp-includes\functions.php on line 3743
[29-Aug-2018 11:56:57 UTC] PHP Notice:  ob_end_flush(): failed to send buffer of zlib output compression (1) in C:\Users\pamela\Desktop\curriculum_wp\wp-includes\functions.php on line 3743
[29-Aug-2018 11:56:57 UTC] PHP Notice:  ob_end_flush(): failed to send buffer of zlib output compression (1) in C:\Users\pamela\Desktop\curriculum_wp\wp-includes\functions.php on line 3743
[29-Aug-2018 11:57:08 UTC] PHP Notice:  ob_end_flush(): failed to send buffer of zlib output compression (1) in C:\Users\pamela\Desktop\curriculum_wp\wp-includes\functions.php on line 3743
[29-Aug-2018 11:57:08 UTC] PHP Notice:  ob_end_flush(): failed to send buffer of zlib output compression (1) in C:\Users\pamela\Desktop\curriculum_wp\wp-includes\functions.php on line 3743
[29-Aug-2018 11:57:16 UTC] PHP Notice:  ob_end_flush(): failed to send buffer of zlib output compression (1) in C:\Users\pamela\Desktop\curriculum_wp\wp-includes\functions.php on line 3743
[29-Aug-2018 11:57:16 UTC] PHP Notice:  ob_end_flush(): failed to send buffer of zlib output compression (1) in C:\Users\pamela\Desktop\curriculum_wp\wp-includes\functions.php on line 3743
[29-Aug-2018 11:57:38 UTC] PHP Notice:  ob_end_flush(): failed to send buffer of zlib output compression (1) in C:\Users\pamela\Desktop\curriculum_wp\wp-includes\functions.php on line 3743
[29-Aug-2018 11:57:38 UTC] PHP Notice:  ob_end_flush(): failed to send buffer of zlib output compression (1) in C:\Users\pamela\Desktop\curriculum_wp\wp-includes\functions.php on line 3743
[29-Aug-2018 11:57:43 UTC] PHP Notice:  ob_end_flush(): failed to send buffer of zlib output compression (1) in C:\Users\pamela\Desktop\curriculum_wp\wp-includes\functions.php on line 3743
[29-Aug-2018 11:57:43 UTC] PHP Notice:  ob_end_flush(): failed to send buffer of zlib output compression (1) in C:\Users\pamela\Desktop\curriculum_wp\wp-includes\functions.php on line 3743
[29-Aug-2018 11:58:38 UTC] PHP Notice:  ob_end_flush(): failed to send buffer of zlib output compression (1) in C:\Users\pamela\Desktop\curriculum_wp\wp-includes\functions.php on line 3743
[29-Aug-2018 11:58:38 UTC] PHP Notice:  ob_end_flush(): failed to send buffer of zlib output compression (1) in C:\Users\pamela\Desktop\curriculum_wp\wp-includes\functions.php on line 3743
[29-Aug-2018 11:58:49 UTC] PHP Notice:  ob_end_flush(): failed to send buffer of zlib output compression (1) in C:\Users\pamela\Desktop\curriculum_wp\wp-includes\functions.php on line 3743
[29-Aug-2018 11:58:49 UTC] PHP Notice:  ob_end_flush(): failed to send buffer of zlib output compression (1) in C:\Users\pamela\Desktop\curriculum_wp\wp-includes\functions.php on line 3743
[29-Aug-2018 11:58:54 UTC] PHP Notice:  ob_end_flush(): failed to send buffer of zlib output compression (1) in C:\Users\pamela\Desktop\curriculum_wp\wp-includes\functions.php on line 3743
[29-Aug-2018 11:58:54 UTC] PHP Notice:  ob_end_flush(): failed to send buffer of zlib output compression (1) in C:\Users\pamela\Desktop\curriculum_wp\wp-includes\functions.php on line 3743
[29-Aug-2018 11:58:56 UTC] PHP Notice:  ob_end_flush(): failed to send buffer of zlib output compression (1) in C:\Users\pamela\Desktop\curriculum_wp\wp-includes\functions.php on line 3743
[29-Aug-2018 11:58:56 UTC] PHP Notice:  ob_end_flush(): failed to send buffer of zlib output compression (1) in C:\Users\pamela\Desktop\curriculum_wp\wp-includes\functions.php on line 3743
[29-Aug-2018 11:59:08 UTC] PHP Notice:  ob_end_flush(): failed to send buffer of zlib output compression (1) in C:\Users\pamela\Desktop\curriculum_wp\wp-includes\functions.php on line 3743
[29-Aug-2018 11:59:08 UTC] PHP Notice:  ob_end_flush(): failed to send buffer of zlib output compression (1) in C:\Users\pamela\Desktop\curriculum_wp\wp-includes\functions.php on line 3743
[29-Aug-2018 11:59:31 UTC] PHP Notice:  ob_end_flush(): failed to send buffer of zlib output compression (1) in C:\Users\pamela\Desktop\curriculum_wp\wp-includes\functions.php on line 3743
[29-Aug-2018 11:59:31 UTC] PHP Notice:  ob_end_flush(): failed to send buffer of zlib output compression (1) in C:\Users\pamela\Desktop\curriculum_wp\wp-includes\functions.php on line 3743
[29-Aug-2018 11:59:36 UTC] PHP Notice:  ob_end_flush(): failed to send buffer of zlib output compression (1) in C:\Users\pamela\Desktop\curriculum_wp\wp-includes\functions.php on line 3743
[29-Aug-2018 11:59:36 UTC] PHP Notice:  ob_end_flush(): failed to send buffer of zlib output compression (1) in C:\Users\pamela\Desktop\curriculum_wp\wp-includes\functions.php on line 3743
[29-Aug-2018 12:00:16 UTC] PHP Notice:  ob_end_flush(): failed to send buffer of zlib output compression (1) in C:\Users\pamela\Desktop\curriculum_wp\wp-includes\functions.php on line 3743
[29-Aug-2018 12:00:16 UTC] PHP Notice:  ob_end_flush(): failed to send buffer of zlib output compression (1) in C:\Users\pamela\Desktop\curriculum_wp\wp-includes\functions.php on line 3743
[29-Aug-2018 12:00:21 UTC] PHP Notice:  ob_end_flush(): failed to send buffer of zlib output compression (1) in C:\Users\pamela\Desktop\curriculum_wp\wp-includes\functions.php on line 3743
[29-Aug-2018 12:00:21 UTC] PHP Notice:  ob_end_flush(): failed to send buffer of zlib output compression (1) in C:\Users\pamela\Desktop\curriculum_wp\wp-includes\functions.php on line 3743
[29-Aug-2018 12:00:46 UTC] PHP Notice:  ob_end_flush(): failed to send buffer of zlib output compression (1) in C:\Users\pamela\Desktop\curriculum_wp\wp-includes\functions.php on line 3743
[29-Aug-2018 12:00:46 UTC] PHP Notice:  ob_end_flush(): failed to send buffer of zlib output compression (1) in C:\Users\pamela\Desktop\curriculum_wp\wp-includes\functions.php on line 3743
[29-Aug-2018 12:00:52 UTC] PHP Notice:  ob_end_flush(): failed to send buffer of zlib output compression (1) in C:\Users\pamela\Desktop\curriculum_wp\wp-includes\functions.php on line 3743
[29-Aug-2018 12:00:52 UTC] PHP Notice:  ob_end_flush(): failed to send buffer of zlib output compression (1) in C:\Users\pamela\Desktop\curriculum_wp\wp-includes\functions.php on line 3743
[29-Aug-2018 12:00:59 UTC] PHP Notice:  ob_end_flush(): failed to send buffer of zlib output compression (1) in C:\Users\pamela\Desktop\curriculum_wp\wp-includes\functions.php on line 3743
[29-Aug-2018 12:00:59 UTC] PHP Notice:  ob_end_flush(): failed to send buffer of zlib output compression (1) in C:\Users\pamela\Desktop\curriculum_wp\wp-includes\functions.php on line 3743
[29-Aug-2018 12:01:03 UTC] PHP Notice:  ob_end_flush(): failed to send buffer of zlib output compression (1) in C:\Users\pamela\Desktop\curriculum_wp\wp-includes\functions.php on line 3743
[29-Aug-2018 12:01:03 UTC] PHP Notice:  ob_end_flush(): failed to send buffer of zlib output compression (1) in C:\Users\pamela\Desktop\curriculum_wp\wp-includes\functions.php on line 3743
[29-Aug-2018 12:01:08 UTC] PHP Notice:  ob_end_flush(): failed to send buffer of zlib output compression (1) in C:\Users\pamela\Desktop\curriculum_wp\wp-includes\functions.php on line 3743
[29-Aug-2018 12:01:08 UTC] PHP Notice:  ob_end_flush(): failed to send buffer of zlib output compression (1) in C:\Users\pamela\Desktop\curriculum_wp\wp-includes\functions.php on line 3743
[29-Aug-2018 12:01:24 UTC] PHP Notice:  ob_end_flush(): failed to send buffer of zlib output compression (1) in C:\Users\pamela\Desktop\curriculum_wp\wp-includes\functions.php on line 3743
[29-Aug-2018 12:01:24 UTC] PHP Notice:  ob_end_flush(): failed to send buffer of zlib output compression (1) in C:\Users\pamela\Desktop\curriculum_wp\wp-includes\functions.php on line 3743
[29-Aug-2018 12:01:27 UTC] PHP Notice:  ob_end_flush(): failed to send buffer of zlib output compression (1) in C:\Users\pamela\Desktop\curriculum_wp\wp-includes\functions.php on line 3743
[29-Aug-2018 12:01:27 UTC] PHP Notice:  ob_end_flush(): failed to send buffer of zlib output compression (1) in C:\Users\pamela\Desktop\curriculum_wp\wp-includes\functions.php on line 3743
[29-Aug-2018 12:04:32 UTC] PHP Notice:  ob_end_flush(): failed to send buffer of zlib output compression (1) in C:\Users\pamela\Desktop\curriculum_wp\wp-includes\functions.php on line 3743
[29-Aug-2018 12:04:32 UTC] PHP Notice:  ob_end_flush(): failed to send buffer of zlib output compression (1) in C:\Users\pamela\Desktop\curriculum_wp\wp-includes\functions.php on line 3743
[29-Aug-2018 12:04:35 UTC] PHP Notice:  ob_end_flush(): failed to send buffer of zlib output compression (1) in C:\Users\pamela\Desktop\curriculum_wp\wp-includes\functions.php on line 3743
[29-Aug-2018 12:04:35 UTC] PHP Notice:  ob_end_flush(): failed to send buffer of zlib output compression (1) in C:\Users\pamela\Desktop\curriculum_wp\wp-includes\functions.php on line 3743
[29-Aug-2018 18:11:36 UTC] PHP Notice:  ob_end_flush(): failed to send buffer of zlib output compression (1) in C:\Users\pamela\Desktop\curriculum_wp\wp-includes\functions.php on line 3743
[29-Aug-2018 18:11:36 UTC] PHP Notice:  ob_end_flush(): failed to send buffer of zlib output compression (1) in C:\Users\pamela\Desktop\curriculum_wp\wp-includes\functions.php on line 3743
[29-Aug-2018 18:11:36 UTC] PHP Notice:  ob_end_flush(): failed to send buffer of zlib output compression (1) in C:\Users\pamela\Desktop\curriculum_wp\wp-includes\functions.php on line 3743
[29-Aug-2018 18:11:36 UTC] PHP Notice:  ob_end_flush(): failed to send buffer of zlib output compression (1) in C:\Users\pamela\Desktop\curriculum_wp\wp-includes\functions.php on line 3743
[29-Aug-2018 18:11:42 UTC] PHP Notice:  ob_end_flush(): failed to send buffer of zlib output compression (1) in C:\Users\pamela\Desktop\curriculum_wp\wp-includes\functions.php on line 3743
[29-Aug-2018 18:11:42 UTC] PHP Notice:  ob_end_flush(): failed to send buffer of zlib output compression (1) in C:\Users\pamela\Desktop\curriculum_wp\wp-includes\functions.php on line 3743
[29-Aug-2018 18:11:43 UTC] PHP Notice:  ob_end_flush(): failed to send buffer of zlib output compression (1) in C:\Users\pamela\Desktop\curriculum_wp\wp-includes\functions.php on line 3743
[29-Aug-2018 18:11:43 UTC] PHP Notice:  ob_end_flush(): failed to send buffer of zlib output compression (1) in C:\Users\pamela\Desktop\curriculum_wp\wp-includes\functions.php on line 3743
[29-Aug-2018 18:12:22 UTC] PHP Notice:  ob_end_flush(): failed to send buffer of zlib output compression (1) in C:\Users\pamela\Desktop\curriculum_wp\wp-includes\functions.php on line 3743
[29-Aug-2018 18:12:22 UTC] PHP Notice:  ob_end_flush(): failed to send buffer of zlib output compression (1) in C:\Users\pamela\Desktop\curriculum_wp\wp-includes\functions.php on line 3743
[29-Aug-2018 18:12:24 UTC] PHP Notice:  ob_end_flush(): failed to send buffer of zlib output compression (1) in C:\Users\pamela\Desktop\curriculum_wp\wp-includes\functions.php on line 3743
[29-Aug-2018 18:12:24 UTC] PHP Notice:  ob_end_flush(): failed to send buffer of zlib output compression (1) in C:\Users\pamela\Desktop\curriculum_wp\wp-includes\functions.php on line 3743
[29-Aug-2018 18:12:40 UTC] PHP Notice:  ob_end_flush(): failed to send buffer of zlib output compression (1) in C:\Users\pamela\Desktop\curriculum_wp\wp-includes\functions.php on line 3743
[29-Aug-2018 18:12:40 UTC] PHP Notice:  ob_end_flush(): failed to send buffer of zlib output compression (1) in C:\Users\pamela\Desktop\curriculum_wp\wp-includes\functions.php on line 3743
[29-Aug-2018 18:12:48 UTC] PHP Notice:  ob_end_flush(): failed to send buffer of zlib output compression (1) in C:\Users\pamela\Desktop\curriculum_wp\wp-includes\functions.php on line 3743
[29-Aug-2018 18:12:48 UTC] PHP Notice:  ob_end_flush(): failed to send buffer of zlib output compression (1) in C:\Users\pamela\Desktop\curriculum_wp\wp-includes\functions.php on line 3743
[29-Aug-2018 18:12:49 UTC] PHP Notice:  ob_end_flush(): failed to send buffer of zlib output compression (1) in C:\Users\pamela\Desktop\curriculum_wp\wp-includes\functions.php on line 3743
[29-Aug-2018 18:12:49 UTC] PHP Notice:  ob_end_flush(): failed to send buffer of zlib output compression (1) in C:\Users\pamela\Desktop\curriculum_wp\wp-includes\functions.php on line 3743
[29-Aug-2018 23:52:52 UTC] PHP Notice:  ob_end_flush(): failed to send buffer of zlib output compression (1) in C:\Users\pamela\Desktop\curriculum_wp\wp-includes\functions.php on line 3743
[29-Aug-2018 23:52:52 UTC] PHP Notice:  ob_end_flush(): failed to send buffer of zlib output compression (1) in C:\Users\pamela\Desktop\curriculum_wp\wp-includes\functions.php on line 3743
[29-Aug-2018 23:52:56 UTC] PHP Notice:  ob_end_flush(): failed to send buffer of zlib output compression (1) in C:\Users\pamela\Desktop\curriculum_wp\wp-includes\functions.php on line 3743
[29-Aug-2018 23:52:56 UTC] PHP Notice:  ob_end_flush(): failed to send buffer of zlib output compression (1) in C:\Users\pamela\Desktop\curriculum_wp\wp-includes\functions.php on line 3743
[29-Aug-2018 23:53:23 UTC] PHP Notice:  ob_end_flush(): failed to send buffer of zlib output compression (1) in C:\Users\pamela\Desktop\curriculum_wp\wp-includes\functions.php on line 3743
[29-Aug-2018 23:53:23 UTC] PHP Notice:  ob_end_flush(): failed to send buffer of zlib output compression (1) in C:\Users\pamela\Desktop\curriculum_wp\wp-includes\functions.php on line 3743
[29-Aug-2018 23:53:45 UTC] PHP Notice:  ob_end_flush(): failed to send buffer of zlib output compression (1) in C:\Users\pamela\Desktop\curriculum_wp\wp-includes\functions.php on line 3743
[29-Aug-2018 23:53:45 UTC] PHP Notice:  ob_end_flush(): failed to send buffer of zlib output compression (1) in C:\Users\pamela\Desktop\curriculum_wp\wp-includes\functions.php on line 3743
[30-Aug-2018 00:14:32 UTC] PHP Notice:  ob_end_flush(): failed to send buffer of zlib output compression (1) in C:\Users\pamela\Desktop\curriculum_wp\wp-includes\functions.php on line 3743
[30-Aug-2018 00:14:32 UTC] PHP Notice:  ob_end_flush(): failed to send buffer of zlib output compression (1) in C:\Users\pamela\Desktop\curriculum_wp\wp-includes\functions.php on line 3743
[30-Aug-2018 00:14:48 UTC] PHP Notice:  ob_end_flush(): failed to send buffer of zlib output compression (1) in C:\Users\pamela\Desktop\curriculum_wp\wp-includes\functions.php on line 3743
[30-Aug-2018 00:14:48 UTC] PHP Notice:  ob_end_flush(): failed to send buffer of zlib output compression (1) in C:\Users\pamela\Desktop\curriculum_wp\wp-includes\functions.php on line 3743
[30-Aug-2018 00:15:02 UTC] PHP Notice:  ob_end_flush(): failed to send buffer of zlib output compression (1) in C:\Users\pamela\Desktop\curriculum_wp\wp-includes\functions.php on line 3743
[30-Aug-2018 00:15:02 UTC] PHP Notice:  ob_end_flush(): failed to send buffer of zlib output compression (1) in C:\Users\pamela\Desktop\curriculum_wp\wp-includes\functions.php on line 3743
[30-Aug-2018 21:03:47 UTC] PHP Notice:  ob_end_flush(): failed to send buffer of zlib output compression (1) in C:\Users\pamela\Desktop\curriculum_wp\wp-includes\functions.php on line 3743
[30-Aug-2018 21:03:47 UTC] PHP Notice:  ob_end_flush(): failed to send buffer of zlib output compression (1) in C:\Users\pamela\Desktop\curriculum_wp\wp-includes\functions.php on line 3743
[30-Aug-2018 21:04:13 UTC] PHP Notice:  ob_end_flush(): failed to send buffer of zlib output compression (1) in C:\Users\pamela\Desktop\curriculum_wp\wp-includes\functions.php on line 3743
[30-Aug-2018 21:04:13 UTC] PHP Notice:  ob_end_flush(): failed to send buffer of zlib output compression (1) in C:\Users\pamela\Desktop\curriculum_wp\wp-includes\functions.php on line 3743
[30-Aug-2018 21:08:16 UTC] PHP Parse error:  syntax error, unexpected 'wp_enqueue_style' (T_STRING) in C:\Users\pamela\Desktop\curriculum_wp\wp-content\themes\curriculum_wp\functions.php on line 14
[30-Aug-2018 21:11:12 UTC] PHP Parse error:  syntax error, unexpected ',' in C:\Users\pamela\Desktop\curriculum_wp\wp-content\themes\curriculum_wp\functions.php on line 11
[30-Aug-2018 21:17:17 UTC] PHP Notice:  ob_end_flush(): failed to send buffer of zlib output compression (1) in C:\Users\pamela\Desktop\curriculum_wp\wp-includes\functions.php on line 3743
[30-Aug-2018 21:17:17 UTC] PHP Notice:  ob_end_flush(): failed to send buffer of zlib output compression (1) in C:\Users\pamela\Desktop\curriculum_wp\wp-includes\functions.php on line 3743
[30-Aug-2018 21:17:37 UTC] PHP Notice:  ob_end_flush(): failed to send buffer of zlib output compression (1) in C:\Users\pamela\Desktop\curriculum_wp\wp-includes\functions.php on line 3743
[30-Aug-2018 21:17:37 UTC] PHP Notice:  ob_end_flush(): failed to send buffer of zlib output compression (1) in C:\Users\pamela\Desktop\curriculum_wp\wp-includes\functions.php on line 3743
[30-Aug-2018 21:17:47 UTC] PHP Notice:  ob_end_flush(): failed to send buffer of zlib output compression (1) in C:\Users\pamela\Desktop\curriculum_wp\wp-includes\functions.php on line 3743
[30-Aug-2018 21:17:47 UTC] PHP Notice:  ob_end_flush(): failed to send buffer of zlib output compression (1) in C:\Users\pamela\Desktop\curriculum_wp\wp-includes\functions.php on line 3743
[30-Aug-2018 21:18:12 UTC] PHP Notice:  ob_end_flush(): failed to send buffer of zlib output compression (1) in C:\Users\pamela\Desktop\curriculum_wp\wp-includes\functions.php on line 3743
[30-Aug-2018 21:18:12 UTC] PHP Notice:  ob_end_flush(): failed to send buffer of zlib output compression (1) in C:\Users\pamela\Desktop\curriculum_wp\wp-includes\functions.php on line 3743
[30-Aug-2018 21:55:51 UTC] PHP Notice:  ob_end_flush(): failed to send buffer of zlib output compression (1) in C:\Users\pamela\Desktop\curriculum_wp\wp-includes\functions.php on line 3743
[30-Aug-2018 21:55:51 UTC] PHP Notice:  ob_end_flush(): failed to send buffer of zlib output compression (1) in C:\Users\pamela\Desktop\curriculum_wp\wp-includes\functions.php on line 3743
[30-Aug-2018 22:24:20 UTC] PHP Notice:  ob_end_flush(): failed to send buffer of zlib output compression (1) in C:\Users\pamela\Desktop\curriculum_wp\wp-includes\functions.php on line 3743
[30-Aug-2018 22:24:20 UTC] PHP Notice:  ob_end_flush(): failed to send buffer of zlib output compression (1) in C:\Users\pamela\Desktop\curriculum_wp\wp-includes\functions.php on line 3743
[30-Aug-2018 22:24:28 UTC] PHP Notice:  ob_end_flush(): failed to send buffer of zlib output compression (1) in C:\Users\pamela\Desktop\curriculum_wp\wp-includes\functions.php on line 3743
[30-Aug-2018 22:24:28 UTC] PHP Notice:  ob_end_flush(): failed to send buffer of zlib output compression (1) in C:\Users\pamela\Desktop\curriculum_wp\wp-includes\functions.php on line 3743
[30-Aug-2018 22:25:05 UTC] PHP Notice:  ob_end_flush(): failed to send buffer of zlib output compression (1) in C:\Users\pamela\Desktop\curriculum_wp\wp-includes\functions.php on line 3743
[30-Aug-2018 22:25:05 UTC] PHP Notice:  ob_end_flush(): failed to send buffer of zlib output compression (1) in C:\Users\pamela\Desktop\curriculum_wp\wp-includes\functions.php on line 3743
[30-Aug-2018 22:25:15 UTC] PHP Notice:  ob_end_flush(): failed to send buffer of zlib output compression (1) in C:\Users\pamela\Desktop\curriculum_wp\wp-includes\functions.php on line 3743
[30-Aug-2018 22:25:15 UTC] PHP Notice:  ob_end_flush(): failed to send buffer of zlib output compression (1) in C:\Users\pamela\Desktop\curriculum_wp\wp-includes\functions.php on line 3743
[30-Aug-2018 22:25:17 UTC] PHP Notice:  ob_end_flush(): failed to send buffer of zlib output compression (1) in C:\Users\pamela\Desktop\curriculum_wp\wp-includes\functions.php on line 3743
[30-Aug-2018 22:25:17 UTC] PHP Notice:  ob_end_flush(): failed to send buffer of zlib output compression (1) in C:\Users\pamela\Desktop\curriculum_wp\wp-includes\functions.php on line 3743
[30-Aug-2018 22:25:39 UTC] PHP Notice:  ob_end_flush(): failed to send buffer of zlib output compression (1) in C:\Users\pamela\Desktop\curriculum_wp\wp-includes\functions.php on line 3743
[30-Aug-2018 22:25:39 UTC] PHP Notice:  ob_end_flush(): failed to send buffer of zlib output compression (1) in C:\Users\pamela\Desktop\curriculum_wp\wp-includes\functions.php on line 3743
[30-Aug-2018 22:33:01 UTC] PHP Parse error:  syntax error, unexpected 'wp_register_script' (T_STRING) in C:\Users\pamela\Desktop\curriculum_wp\wp-content\themes\curriculum_wp\functions.php on line 33
[30-Aug-2018 22:34:26 UTC] PHP Parse error:  syntax error, unexpected 'wp_register_script' (T_STRING) in C:\Users\pamela\Desktop\curriculum_wp\wp-content\themes\curriculum_wp\functions.php on line 33
[30-Aug-2018 22:34:32 UTC] PHP Parse error:  syntax error, unexpected 'wp_register_script' (T_STRING) in C:\Users\pamela\Desktop\curriculum_wp\wp-content\themes\curriculum_wp\functions.php on line 33
[30-Aug-2018 22:35:04 UTC] PHP Parse error:  syntax error, unexpected 'wp_register_script' (T_STRING) in C:\Users\pamela\Desktop\curriculum_wp\wp-content\themes\curriculum_wp\functions.php on line 33
[30-Aug-2018 22:36:04 UTC] PHP Parse error:  syntax error, unexpected 'wp_register_script' (T_STRING) in C:\Users\pamela\Desktop\curriculum_wp\wp-content\themes\curriculum_wp\functions.php on line 33
[30-Aug-2018 22:37:47 UTC] PHP Parse error:  syntax error, unexpected 'wp_register_script' (T_STRING) in C:\Users\pamela\Desktop\curriculum_wp\wp-content\themes\curriculum_wp\functions.php on line 33
[30-Aug-2018 22:38:47 UTC] PHP Parse error:  syntax error, unexpected 'wp_register_script' (T_STRING) in C:\Users\pamela\Desktop\curriculum_wp\wp-content\themes\curriculum_wp\functions.php on line 33
[30-Aug-2018 22:46:10 UTC] PHP Parse error:  syntax error, unexpected 'true' (T_STRING), expecting ',' or ')' in C:\Users\pamela\Desktop\curriculum_wp\wp-content\themes\curriculum_wp\functions.php on line 36
[30-Aug-2018 22:46:49 UTC] PHP Parse error:  syntax error, unexpected 'true' (T_STRING), expecting ',' or ')' in C:\Users\pamela\Desktop\curriculum_wp\wp-content\themes\curriculum_wp\functions.php on line 36
[30-Aug-2018 22:49:08 UTC] PHP Notice:  ob_end_flush(): failed to send buffer of zlib output compression (1) in C:\Users\pamela\Desktop\curriculum_wp\wp-includes\functions.php on line 3743
[30-Aug-2018 22:49:08 UTC] PHP Notice:  ob_end_flush(): failed to send buffer of zlib output compression (1) in C:\Users\pamela\Desktop\curriculum_wp\wp-includes\functions.php on line 3743
[30-Aug-2018 22:49:09 UTC] PHP Notice:  ob_end_flush(): failed to send buffer of zlib output compression (1) in C:\Users\pamela\Desktop\curriculum_wp\wp-includes\functions.php on line 3743
[30-Aug-2018 22:49:09 UTC] PHP Notice:  ob_end_flush(): failed to send buffer of zlib output compression (1) in C:\Users\pamela\Desktop\curriculum_wp\wp-includes\functions.php on line 3743
[30-Aug-2018 22:49:09 UTC] PHP Notice:  ob_end_flush(): failed to send buffer of zlib output compression (1) in C:\Users\pamela\Desktop\curriculum_wp\wp-includes\functions.php on line 3743
[30-Aug-2018 22:49:09 UTC] PHP Notice:  ob_end_flush(): failed to send buffer of zlib output compression (1) in C:\Users\pamela\Desktop\curriculum_wp\wp-includes\functions.php on line 3743
[30-Aug-2018 22:51:42 UTC] PHP Notice:  ob_end_flush(): failed to send buffer of zlib output compression (1) in C:\Users\pamela\Desktop\curriculum_wp\wp-includes\functions.php on line 3743
[30-Aug-2018 22:51:42 UTC] PHP Notice:  ob_end_flush(): failed to send buffer of zlib output compression (1) in C:\Users\pamela\Desktop\curriculum_wp\wp-includes\functions.php on line 3743
[30-Aug-2018 22:51:43 UTC] PHP Notice:  ob_end_flush(): failed to send buffer of zlib output compression (1) in C:\Users\pamela\Desktop\curriculum_wp\wp-includes\functions.php on line 3743
[30-Aug-2018 22:51:43 UTC] PHP Notice:  ob_end_flush(): failed to send buffer of zlib output compression (1) in C:\Users\pamela\Desktop\curriculum_wp\wp-includes\functions.php on line 3743
[30-Aug-2018 22:51:43 UTC] PHP Notice:  ob_end_flush(): failed to send buffer of zlib output compression (1) in C:\Users\pamela\Desktop\curriculum_wp\wp-includes\functions.php on line 3743
[30-Aug-2018 22:51:43 UTC] PHP Notice:  ob_end_flush(): failed to send buffer of zlib output compression (1) in C:\Users\pamela\Desktop\curriculum_wp\wp-includes\functions.php on line 3743
[30-Aug-2018 22:52:38 UTC] PHP Notice:  ob_end_flush(): failed to send buffer of zlib output compression (1) in C:\Users\pamela\Desktop\curriculum_wp\wp-includes\functions.php on line 3743
[30-Aug-2018 22:52:38 UTC] PHP Notice:  ob_end_flush(): failed to send buffer of zlib output compression (1) in C:\Users\pamela\Desktop\curriculum_wp\wp-includes\functions.php on line 3743
[30-Aug-2018 22:52:38 UTC] PHP Notice:  ob_end_flush(): failed to send buffer of zlib output compression (1) in C:\Users\pamela\Desktop\curriculum_wp\wp-includes\functions.php on line 3743
[30-Aug-2018 22:52:38 UTC] PHP Notice:  ob_end_flush(): failed to send buffer of zlib output compression (1) in C:\Users\pamela\Desktop\curriculum_wp\wp-includes\functions.php on line 3743
[30-Aug-2018 22:52:38 UTC] PHP Notice:  ob_end_flush(): failed to send buffer of zlib output compression (1) in C:\Users\pamela\Desktop\curriculum_wp\wp-includes\functions.php on line 3743
[30-Aug-2018 22:52:38 UTC] PHP Notice:  ob_end_flush(): failed to send buffer of zlib output compression (1) in C:\Users\pamela\Desktop\curriculum_wp\wp-includes\functions.php on line 3743
[30-Aug-2018 22:52:44 UTC] PHP Notice:  ob_end_flush(): failed to send buffer of zlib output compression (1) in C:\Users\pamela\Desktop\curriculum_wp\wp-includes\functions.php on line 3743
[30-Aug-2018 22:52:44 UTC] PHP Notice:  ob_end_flush(): failed to send buffer of zlib output compression (1) in C:\Users\pamela\Desktop\curriculum_wp\wp-includes\functions.php on line 3743
[30-Aug-2018 22:52:44 UTC] PHP Notice:  ob_end_flush(): failed to send buffer of zlib output compression (1) in C:\Users\pamela\Desktop\curriculum_wp\wp-includes\functions.php on line 3743
[30-Aug-2018 22:52:44 UTC] PHP Notice:  ob_end_flush(): failed to send buffer of zlib output compression (1) in C:\Users\pamela\Desktop\curriculum_wp\wp-includes\functions.php on line 3743
[30-Aug-2018 22:54:18 UTC] PHP Notice:  ob_end_flush(): failed to send buffer of zlib output compression (1) in C:\Users\pamela\Desktop\curriculum_wp\wp-includes\functions.php on line 3743
[30-Aug-2018 22:54:18 UTC] PHP Notice:  ob_end_flush(): failed to send buffer of zlib output compression (1) in C:\Users\pamela\Desktop\curriculum_wp\wp-includes\functions.php on line 3743
[30-Aug-2018 22:54:18 UTC] PHP Notice:  ob_end_flush(): failed to send buffer of zlib output compression (1) in C:\Users\pamela\Desktop\curriculum_wp\wp-includes\functions.php on line 3743
[30-Aug-2018 22:54:18 UTC] PHP Notice:  ob_end_flush(): failed to send buffer of zlib output compression (1) in C:\Users\pamela\Desktop\curriculum_wp\wp-includes\functions.php on line 3743
[30-Aug-2018 22:54:18 UTC] PHP Notice:  ob_end_flush(): failed to send buffer of zlib output compression (1) in C:\Users\pamela\Desktop\curriculum_wp\wp-includes\functions.php on line 3743
[30-Aug-2018 22:54:18 UTC] PHP Notice:  ob_end_flush(): failed to send buffer of zlib output compression (1) in C:\Users\pamela\Desktop\curriculum_wp\wp-includes\functions.php on line 3743
[30-Aug-2018 22:59:04 UTC] PHP Notice:  ob_end_flush(): failed to send buffer of zlib output compression (1) in C:\Users\pamela\Desktop\curriculum_wp\wp-includes\functions.php on line 3743
[30-Aug-2018 22:59:04 UTC] PHP Notice:  ob_end_flush(): failed to send buffer of zlib output compression (1) in C:\Users\pamela\Desktop\curriculum_wp\wp-includes\functions.php on line 3743
[04-Sep-2018 21:24:38 UTC] PHP Warning:  mysqli_real_connect(): (HY000/2003): Can't connect to MySQL server on 'localhost' (10061) in C:\Users\pamela\Desktop\curriculum_wp\wp-includes\wp-db.php on line 1531
[04-Sep-2018 21:24:46 UTC] PHP Warning:  mysqli_real_connect(): (HY000/2003): Can't connect to MySQL server on 'localhost' (10061) in C:\Users\pamela\Desktop\curriculum_wp\wp-includes\wp-db.php on line 1531
[04-Sep-2018 23:42:46 UTC] PHP Fatal error:  Uncaught Error: Call to undefined function echo_de_shortcode() in C:\Users\pamela\Desktop\curriculum_wp\wp-content\themes\curriculum_wp\index.php:100
Stack trace:
#0 C:\Users\pamela\Desktop\curriculum_wp\wp-includes\template-loader.php(74): include()
#1 C:\Users\pamela\Desktop\curriculum_wp\wp-blog-header.php(19): require_once('C:\\Users\\pamela...')
#2 C:\Users\pamela\Desktop\curriculum_wp\index.php(17): require('C:\\Users\\pamela...')
#3 {main}
  thrown in C:\Users\pamela\Desktop\curriculum_wp\wp-content\themes\curriculum_wp\index.php on line 100
